<?xml version="1.0" encoding="UTF-8"?>
<!-- Generated by org.testng.reporters.JUnitXMLReporter -->
<testsuite hostname="DESKTOP-5E3PVTI" failures="0" tests="6" name="Surefire test" time="0.024" errors="0" timestamp="23 Mar 2020 11:43:34 GMT">
  <testcase classname="qaclickacademy.AppiumTest" name="IOSApps" time="0.007"/>
  <testcase classname="qaclickacademy.AppiumTest" name="nativeAppAndroid" time="0.0"/>
  <testcase classname="qaclickacademy.RESTApiTest" name="deleteTwitter" time="0.001"/>
  <testcase classname="qaclickacademy.RESTApiTest" name="postJira" time="0.0"/>
  <testcase classname="qaclickacademy.SeleniumTest" name="BrowserAutomation" time="0.0"/>
  <testcase classname="qaclickacademy.SeleniumTest" name="elementsUi" time="0.0"/>
</testsuite> <!-- Surefire test -->
