<?xml version="1.0" encoding="UTF-8"?>
<!-- Generated by org.testng.reporters.JUnitXMLReporter -->
<testsuite hostname="DESKTOP-5E3PVTI" failures="0" tests="4" name="Test" time="0.035" errors="0" timestamp="23 Mar 2020 12:11:41 GMT">
  <testcase classname="qaclickacademy.AppiumTest" name="IOSApps" time="0.014"/>
  <testcase classname="qaclickacademy.AppiumTest" name="nativeAppAndroid" time="0.001"/>
  <testcase classname="qaclickacademy.RESTApiTest" name="deleteTwitter" time="0.0"/>
  <testcase classname="qaclickacademy.RESTApiTest" name="postJira" time="0.0"/>
</testsuite> <!-- Test -->
