<?xml version="1.0" encoding="UTF-8"?>
<testng-results total="4" passed="4" failed="0" skipped="0">
  <reporter-output>
  </reporter-output>
  <suite started-at="2020-03-23T12:11:41Z" name="Suite" finished-at="2020-03-23T12:11:41Z" duration-ms="35">
    <groups>
    </groups>
    <test started-at="2020-03-23T12:11:41Z" name="Test" finished-at="2020-03-23T12:11:41Z" duration-ms="35">
      <class name="qaclickacademy.AppiumTest">
        <test-method signature="IOSApps()[pri:0, instance:qaclickacademy.AppiumTest@4de4b452]" started-at="2020-03-23T12:11:41Z" name="IOSApps" finished-at="2020-03-23T12:11:41Z" duration-ms="14" status="PASS">
          <reporter-output>
          </reporter-output>
        </test-method> <!-- IOSApps -->
        <test-method signature="nativeAppAndroid()[pri:0, instance:qaclickacademy.AppiumTest@4de4b452]" started-at="2020-03-23T12:11:41Z" name="nativeAppAndroid" finished-at="2020-03-23T12:11:41Z" duration-ms="1" status="PASS">
          <reporter-output>
          </reporter-output>
        </test-method> <!-- nativeAppAndroid -->
      </class> <!-- qaclickacademy.AppiumTest -->
      <class name="qaclickacademy.RESTApiTest">
        <test-method signature="deleteTwitter()[pri:0, instance:qaclickacademy.RESTApiTest@932bc4a]" started-at="2020-03-23T12:11:41Z" name="deleteTwitter" finished-at="2020-03-23T12:11:41Z" duration-ms="0" status="PASS">
          <reporter-output>
          </reporter-output>
        </test-method> <!-- deleteTwitter -->
        <test-method signature="postJira()[pri:0, instance:qaclickacademy.RESTApiTest@932bc4a]" started-at="2020-03-23T12:11:41Z" name="postJira" finished-at="2020-03-23T12:11:41Z" duration-ms="0" status="PASS">
          <reporter-output>
          </reporter-output>
        </test-method> <!-- postJira -->
      </class> <!-- qaclickacademy.RESTApiTest -->
    </test> <!-- Test -->
  </suite> <!-- Suite -->
</testng-results>
